Batch diagnose started at 2026-03-11T22:11:13.137243
Checker log root: /home/dragon/桌面/IMMI-project-main/diagnose/2026-03-11^22:11:13/_checker_logs

================================================================================
[FILE] complex_bug_buffer.c
[CLANG]
/home/dragon/桌面/IMMI-project-main/inputfile/complex_bug_buffer.c:13:5: warning: 'strcpy' will always overflow; destination buffer has size 8, but the source string has length 13 (including NUL byte) [-Wfortify-source]
    strcpy(small, "0123456789AB");
    ^
1 warning generated.

[CHECKER STDOUT/STDERR]
Openmp enabled

[CHECKER GLOBAL LOG]
[2026-03-11 22:11:13.196] [global_2026-03-11^22:11:13.188_59750] [info] Total 1 files and 1 are loaded
[2026-03-11 22:11:13.212] [global_2026-03-11^22:11:13.188_59750] [info] Academic checker finished. Total bugs: 1
[2026-03-11 22:11:13.212] [global_2026-03-11^22:11:13.188_59750] [info] Pass BufferOverflow: 8 ms
[2026-03-11 22:11:13.212] [global_2026-03-11^22:11:13.188_59750] [info] Pass DoubleFree: 0 ms
[2026-03-11 22:11:13.212] [global_2026-03-11^22:11:13.188_59750] [info] Pass IntegerOverflow: 0 ms
[2026-03-11 22:11:13.212] [global_2026-03-11^22:11:13.188_59750] [info] Pass NullPointerDeref: 0 ms
[2026-03-11 22:11:13.212] [global_2026-03-11^22:11:13.188_59750] [info] Pass UseAfterFree: 0 ms
[2026-03-11 22:11:13.212] [global_2026-03-11^22:11:13.188_59750] [info] Bug report written to: /home/dragon/桌面/IMMI-project-main/diagnose/2026-03-11^22:11:13/_checker_logs/2026-03-11^22:11:13.188/Bug_Report.txt

[RESULT] done: complex_bug_buffer.c, report=Bug_Report_complex_bug_buffer.txt

================================================================================
[FILE] complex_bug_chain_uaf_df.c
[CLANG]

[CHECKER STDOUT/STDERR]
Openmp enabled

[CHECKER GLOBAL LOG]
[2026-03-11 22:11:13.297] [global_2026-03-11^22:11:13.291_59769] [info] Total 1 files and 1 are loaded
[2026-03-11 22:11:13.297] [global_2026-03-11^22:11:13.291_59769] [info] Academic checker finished. Total bugs: 5
[2026-03-11 22:11:13.297] [global_2026-03-11^22:11:13.291_59769] [info] Pass BufferOverflow: 0 ms
[2026-03-11 22:11:13.297] [global_2026-03-11^22:11:13.291_59769] [info] Pass DoubleFree: 0 ms
[2026-03-11 22:11:13.297] [global_2026-03-11^22:11:13.291_59769] [info] Pass IntegerOverflow: 0 ms
[2026-03-11 22:11:13.297] [global_2026-03-11^22:11:13.291_59769] [info] Pass NullPointerDeref: 0 ms
[2026-03-11 22:11:13.297] [global_2026-03-11^22:11:13.291_59769] [info] Pass UseAfterFree: 0 ms
[2026-03-11 22:11:13.297] [global_2026-03-11^22:11:13.291_59769] [info] Bug report written to: /home/dragon/桌面/IMMI-project-main/diagnose/2026-03-11^22:11:13/_checker_logs/2026-03-11^22:11:13.291/Bug_Report.txt

[RESULT] done: complex_bug_chain_uaf_df.c, report=Bug_Report_complex_bug_chain_uaf_df.txt

================================================================================
[FILE] complex_bug_integer.c
[CLANG]

[CHECKER STDOUT/STDERR]
Openmp enabled

[CHECKER GLOBAL LOG]
[2026-03-11 22:11:13.338] [global_2026-03-11^22:11:13.330_59788] [info] Total 1 files and 1 are loaded
[2026-03-11 22:11:13.339] [global_2026-03-11^22:11:13.330_59788] [info] Academic checker finished. Total bugs: 1
[2026-03-11 22:11:13.339] [global_2026-03-11^22:11:13.330_59788] [info] Pass BufferOverflow: 0 ms
[2026-03-11 22:11:13.339] [global_2026-03-11^22:11:13.330_59788] [info] Pass DoubleFree: 0 ms
[2026-03-11 22:11:13.339] [global_2026-03-11^22:11:13.330_59788] [info] Pass IntegerOverflow: 0 ms
[2026-03-11 22:11:13.339] [global_2026-03-11^22:11:13.330_59788] [info] Pass NullPointerDeref: 0 ms
[2026-03-11 22:11:13.339] [global_2026-03-11^22:11:13.330_59788] [info] Pass UseAfterFree: 0 ms
[2026-03-11 22:11:13.339] [global_2026-03-11^22:11:13.330_59788] [info] Bug report written to: /home/dragon/桌面/IMMI-project-main/diagnose/2026-03-11^22:11:13/_checker_logs/2026-03-11^22:11:13.330/Bug_Report.txt

[RESULT] done: complex_bug_integer.c, report=Bug_Report_complex_bug_integer.txt

================================================================================
[FILE] complex_bug_null.c
[CLANG]
/home/dragon/桌面/IMMI-project-main/inputfile/complex_bug_null.c:8:29: warning: null passed to a callee that requires a non-null argument [-Wnonnull]
    memcpy((char *)0, src, 4);
           ~~~~~~~~~        ^
1 warning generated.

[CHECKER STDOUT/STDERR]
Openmp enabled

[CHECKER GLOBAL LOG]
[2026-03-11 22:11:13.383] [global_2026-03-11^22:11:13.378_59807] [info] Total 1 files and 1 are loaded
[2026-03-11 22:11:13.384] [global_2026-03-11^22:11:13.378_59807] [info] Academic checker finished. Total bugs: 1
[2026-03-11 22:11:13.384] [global_2026-03-11^22:11:13.378_59807] [info] Pass BufferOverflow: 0 ms
[2026-03-11 22:11:13.384] [global_2026-03-11^22:11:13.378_59807] [info] Pass DoubleFree: 0 ms
[2026-03-11 22:11:13.384] [global_2026-03-11^22:11:13.378_59807] [info] Pass IntegerOverflow: 0 ms
[2026-03-11 22:11:13.384] [global_2026-03-11^22:11:13.378_59807] [info] Pass NullPointerDeref: 0 ms
[2026-03-11 22:11:13.384] [global_2026-03-11^22:11:13.378_59807] [info] Pass UseAfterFree: 0 ms
[2026-03-11 22:11:13.384] [global_2026-03-11^22:11:13.378_59807] [info] Bug report written to: /home/dragon/桌面/IMMI-project-main/diagnose/2026-03-11^22:11:13/_checker_logs/2026-03-11^22:11:13.378/Bug_Report.txt

[RESULT] done: complex_bug_null.c, report=Bug_Report_complex_bug_null.txt

================================================================================
[FILE] complex_safe_memory_1.c
[CLANG]

[CHECKER STDOUT/STDERR]
Openmp enabled

[CHECKER GLOBAL LOG]
[2026-03-11 22:11:13.428] [global_2026-03-11^22:11:13.422_59826] [info] Total 1 files and 1 are loaded
[2026-03-11 22:11:13.428] [global_2026-03-11^22:11:13.422_59826] [info] Academic checker finished. Total bugs: 0
[2026-03-11 22:11:13.428] [global_2026-03-11^22:11:13.422_59826] [info] Pass BufferOverflow: 0 ms
[2026-03-11 22:11:13.428] [global_2026-03-11^22:11:13.422_59826] [info] Pass DoubleFree: 0 ms
[2026-03-11 22:11:13.428] [global_2026-03-11^22:11:13.422_59826] [info] Pass IntegerOverflow: 0 ms
[2026-03-11 22:11:13.428] [global_2026-03-11^22:11:13.422_59826] [info] Pass NullPointerDeref: 0 ms
[2026-03-11 22:11:13.428] [global_2026-03-11^22:11:13.422_59826] [info] Pass UseAfterFree: 0 ms
[2026-03-11 22:11:13.428] [global_2026-03-11^22:11:13.422_59826] [info] Bug report written to: /home/dragon/桌面/IMMI-project-main/diagnose/2026-03-11^22:11:13/_checker_logs/2026-03-11^22:11:13.422/Bug_Report.txt

[RESULT] done: complex_safe_memory_1.c, report=Bug_Report_complex_safe_memory_1.txt

================================================================================
[FILE] complex_safe_memory_2.c
[CLANG]

[CHECKER STDOUT/STDERR]
Openmp enabled

[CHECKER GLOBAL LOG]
[2026-03-11 22:11:13.465] [global_2026-03-11^22:11:13.458_59845] [info] Total 1 files and 1 are loaded
[2026-03-11 22:11:13.465] [global_2026-03-11^22:11:13.458_59845] [info] Academic checker finished. Total bugs: 0
[2026-03-11 22:11:13.465] [global_2026-03-11^22:11:13.458_59845] [info] Pass BufferOverflow: 0 ms
[2026-03-11 22:11:13.465] [global_2026-03-11^22:11:13.458_59845] [info] Pass DoubleFree: 0 ms
[2026-03-11 22:11:13.465] [global_2026-03-11^22:11:13.458_59845] [info] Pass IntegerOverflow: 0 ms
[2026-03-11 22:11:13.465] [global_2026-03-11^22:11:13.458_59845] [info] Pass NullPointerDeref: 0 ms
[2026-03-11 22:11:13.465] [global_2026-03-11^22:11:13.458_59845] [info] Pass UseAfterFree: 0 ms
[2026-03-11 22:11:13.465] [global_2026-03-11^22:11:13.458_59845] [info] Bug report written to: /home/dragon/桌面/IMMI-project-main/diagnose/2026-03-11^22:11:13/_checker_logs/2026-03-11^22:11:13.458/Bug_Report.txt

[RESULT] done: complex_safe_memory_2.c, report=Bug_Report_complex_safe_memory_2.txt

================================================================================
[FILE] cross_file_bug_entry.c
[CLANG]

[CHECKER STDOUT/STDERR]
Openmp enabled

[CHECKER GLOBAL LOG]
[2026-03-11 22:11:13.504] [global_2026-03-11^22:11:13.498_59864] [info] Total 1 files and 1 are loaded
[2026-03-11 22:11:13.504] [global_2026-03-11^22:11:13.498_59864] [info] Academic checker finished. Total bugs: 5
[2026-03-11 22:11:13.504] [global_2026-03-11^22:11:13.498_59864] [info] Pass BufferOverflow: 0 ms
[2026-03-11 22:11:13.504] [global_2026-03-11^22:11:13.498_59864] [info] Pass DoubleFree: 0 ms
[2026-03-11 22:11:13.504] [global_2026-03-11^22:11:13.498_59864] [info] Pass IntegerOverflow: 0 ms
[2026-03-11 22:11:13.504] [global_2026-03-11^22:11:13.498_59864] [info] Pass NullPointerDeref: 0 ms
[2026-03-11 22:11:13.504] [global_2026-03-11^22:11:13.498_59864] [info] Pass UseAfterFree: 0 ms
[2026-03-11 22:11:13.504] [global_2026-03-11^22:11:13.498_59864] [info] Bug report written to: /home/dragon/桌面/IMMI-project-main/diagnose/2026-03-11^22:11:13/_checker_logs/2026-03-11^22:11:13.498/Bug_Report.txt

[RESULT] done: cross_file_bug_entry.c, report=Bug_Report_cross_file_bug_entry.txt

================================================================================
[FILE] cross_file_safe_entry.c
[CLANG]

[CHECKER STDOUT/STDERR]
Openmp enabled

[CHECKER GLOBAL LOG]
[2026-03-11 22:11:13.539] [global_2026-03-11^22:11:13.535_59883] [info] Total 1 files and 1 are loaded
[2026-03-11 22:11:13.539] [global_2026-03-11^22:11:13.535_59883] [info] Academic checker finished. Total bugs: 0
[2026-03-11 22:11:13.539] [global_2026-03-11^22:11:13.535_59883] [info] Pass BufferOverflow: 0 ms
[2026-03-11 22:11:13.539] [global_2026-03-11^22:11:13.535_59883] [info] Pass DoubleFree: 0 ms
[2026-03-11 22:11:13.539] [global_2026-03-11^22:11:13.535_59883] [info] Pass IntegerOverflow: 0 ms
[2026-03-11 22:11:13.539] [global_2026-03-11^22:11:13.535_59883] [info] Pass NullPointerDeref: 0 ms
[2026-03-11 22:11:13.539] [global_2026-03-11^22:11:13.535_59883] [info] Pass UseAfterFree: 0 ms
[2026-03-11 22:11:13.539] [global_2026-03-11^22:11:13.535_59883] [info] Bug report written to: /home/dragon/桌面/IMMI-project-main/diagnose/2026-03-11^22:11:13/_checker_logs/2026-03-11^22:11:13.535/Bug_Report.txt

[RESULT] done: cross_file_safe_entry.c, report=Bug_Report_cross_file_safe_entry.txt

================================================================================
[FILE] showcase/bo_alias_field_bug.c
[CLANG]

[CHECKER STDOUT/STDERR]
Openmp enabled

[CHECKER GLOBAL LOG]
[2026-03-11 22:11:13.569] [global_2026-03-11^22:11:13.564_59902] [info] Total 1 files and 1 are loaded
[2026-03-11 22:11:13.576] [global_2026-03-11^22:11:13.564_59902] [info] Academic checker finished. Total bugs: 2
[2026-03-11 22:11:13.576] [global_2026-03-11^22:11:13.564_59902] [info] Pass BufferOverflow: 0 ms
[2026-03-11 22:11:13.576] [global_2026-03-11^22:11:13.564_59902] [info] Pass DoubleFree: 0 ms
[2026-03-11 22:11:13.576] [global_2026-03-11^22:11:13.564_59902] [info] Pass IntegerOverflow: 0 ms
[2026-03-11 22:11:13.576] [global_2026-03-11^22:11:13.564_59902] [info] Pass NullPointerDeref: 0 ms
[2026-03-11 22:11:13.576] [global_2026-03-11^22:11:13.564_59902] [info] Pass UseAfterFree: 0 ms
[2026-03-11 22:11:13.576] [global_2026-03-11^22:11:13.564_59902] [info] Bug report written to: /home/dragon/桌面/IMMI-project-main/diagnose/2026-03-11^22:11:13/_checker_logs/2026-03-11^22:11:13.564/Bug_Report.txt

[RESULT] done: showcase/bo_alias_field_bug.c, report=Bug_Report_showcase__bo_alias_field_bug.txt

================================================================================
[FILE] showcase/bo_context_bug.c
[CLANG]

[CHECKER STDOUT/STDERR]
Openmp enabled

[CHECKER GLOBAL LOG]
[2026-03-11 22:11:13.612] [global_2026-03-11^22:11:13.605_59921] [info] Total 1 files and 1 are loaded
[2026-03-11 22:11:13.613] [global_2026-03-11^22:11:13.605_59921] [info] Academic checker finished. Total bugs: 2
[2026-03-11 22:11:13.613] [global_2026-03-11^22:11:13.605_59921] [info] Pass BufferOverflow: 0 ms
[2026-03-11 22:11:13.613] [global_2026-03-11^22:11:13.605_59921] [info] Pass DoubleFree: 0 ms
[2026-03-11 22:11:13.613] [global_2026-03-11^22:11:13.605_59921] [info] Pass IntegerOverflow: 0 ms
[2026-03-11 22:11:13.613] [global_2026-03-11^22:11:13.605_59921] [info] Pass NullPointerDeref: 0 ms
[2026-03-11 22:11:13.613] [global_2026-03-11^22:11:13.605_59921] [info] Pass UseAfterFree: 0 ms
[2026-03-11 22:11:13.613] [global_2026-03-11^22:11:13.605_59921] [info] Bug report written to: /home/dragon/桌面/IMMI-project-main/diagnose/2026-03-11^22:11:13/_checker_logs/2026-03-11^22:11:13.605/Bug_Report.txt

[RESULT] done: showcase/bo_context_bug.c, report=Bug_Report_showcase__bo_context_bug.txt

================================================================================
[FILE] showcase/bo_context_safe.c
[CLANG]

[CHECKER STDOUT/STDERR]
Openmp enabled

[CHECKER GLOBAL LOG]
[2026-03-11 22:11:13.660] [global_2026-03-11^22:11:13.648_59940] [info] Total 1 files and 1 are loaded
[2026-03-11 22:11:13.661] [global_2026-03-11^22:11:13.648_59940] [info] Academic checker finished. Total bugs: 0
[2026-03-11 22:11:13.661] [global_2026-03-11^22:11:13.648_59940] [info] Pass BufferOverflow: 0 ms
[2026-03-11 22:11:13.661] [global_2026-03-11^22:11:13.648_59940] [info] Pass DoubleFree: 0 ms
[2026-03-11 22:11:13.661] [global_2026-03-11^22:11:13.648_59940] [info] Pass IntegerOverflow: 0 ms
[2026-03-11 22:11:13.661] [global_2026-03-11^22:11:13.648_59940] [info] Pass NullPointerDeref: 0 ms
[2026-03-11 22:11:13.661] [global_2026-03-11^22:11:13.648_59940] [info] Pass UseAfterFree: 0 ms
[2026-03-11 22:11:13.661] [global_2026-03-11^22:11:13.648_59940] [info] Bug report written to: /home/dragon/桌面/IMMI-project-main/diagnose/2026-03-11^22:11:13/_checker_logs/2026-03-11^22:11:13.648/Bug_Report.txt

[RESULT] done: showcase/bo_context_safe.c, report=Bug_Report_showcase__bo_context_safe.txt

================================================================================
[FILE] showcase/npd_call_bug.c
[CLANG]
/home/dragon/桌面/IMMI-project-main/inputfile/showcase/npd_call_bug.c:6:29: warning: null passed to a callee that requires a non-null argument [-Wnonnull]
    memcpy((char *)0, src, 4);
           ~~~~~~~~~        ^
1 warning generated.

[CHECKER STDOUT/STDERR]
Openmp enabled

[CHECKER GLOBAL LOG]
[2026-03-11 22:11:13.701] [global_2026-03-11^22:11:13.692_59959] [info] Total 1 files and 1 are loaded
[2026-03-11 22:11:13.701] [global_2026-03-11^22:11:13.692_59959] [info] Academic checker finished. Total bugs: 1
[2026-03-11 22:11:13.701] [global_2026-03-11^22:11:13.692_59959] [info] Pass BufferOverflow: 0 ms
[2026-03-11 22:11:13.701] [global_2026-03-11^22:11:13.692_59959] [info] Pass DoubleFree: 0 ms
[2026-03-11 22:11:13.701] [global_2026-03-11^22:11:13.692_59959] [info] Pass IntegerOverflow: 0 ms
[2026-03-11 22:11:13.701] [global_2026-03-11^22:11:13.692_59959] [info] Pass NullPointerDeref: 0 ms
[2026-03-11 22:11:13.701] [global_2026-03-11^22:11:13.692_59959] [info] Pass UseAfterFree: 0 ms
[2026-03-11 22:11:13.701] [global_2026-03-11^22:11:13.692_59959] [info] Bug report written to: /home/dragon/桌面/IMMI-project-main/diagnose/2026-03-11^22:11:13/_checker_logs/2026-03-11^22:11:13.692/Bug_Report.txt

[RESULT] done: showcase/npd_call_bug.c, report=Bug_Report_showcase__npd_call_bug.txt

================================================================================
[FILE] showcase/npd_call_safe.c
[CLANG]

[CHECKER STDOUT/STDERR]
Openmp enabled

[CHECKER GLOBAL LOG]
[2026-03-11 22:11:13.740] [global_2026-03-11^22:11:13.733_59978] [info] Total 1 files and 1 are loaded
[2026-03-11 22:11:13.741] [global_2026-03-11^22:11:13.733_59978] [info] Academic checker finished. Total bugs: 0
[2026-03-11 22:11:13.741] [global_2026-03-11^22:11:13.733_59978] [info] Pass BufferOverflow: 0 ms
[2026-03-11 22:11:13.741] [global_2026-03-11^22:11:13.733_59978] [info] Pass DoubleFree: 0 ms
[2026-03-11 22:11:13.741] [global_2026-03-11^22:11:13.733_59978] [info] Pass IntegerOverflow: 0 ms
[2026-03-11 22:11:13.741] [global_2026-03-11^22:11:13.733_59978] [info] Pass NullPointerDeref: 0 ms
[2026-03-11 22:11:13.741] [global_2026-03-11^22:11:13.733_59978] [info] Pass UseAfterFree: 0 ms
[2026-03-11 22:11:13.741] [global_2026-03-11^22:11:13.733_59978] [info] Bug report written to: /home/dragon/桌面/IMMI-project-main/diagnose/2026-03-11^22:11:13/_checker_logs/2026-03-11^22:11:13.733/Bug_Report.txt

[RESULT] done: showcase/npd_call_safe.c, report=Bug_Report_showcase__npd_call_safe.txt

================================================================================
[FILE] showcase/npd_path_bug.c
[CLANG]

[CHECKER STDOUT/STDERR]
Openmp enabled

[CHECKER GLOBAL LOG]
[2026-03-11 22:11:13.785] [global_2026-03-11^22:11:13.780_59997] [info] Total 1 files and 1 are loaded
[2026-03-11 22:11:13.785] [global_2026-03-11^22:11:13.780_59997] [info] Academic checker finished. Total bugs: 0
[2026-03-11 22:11:13.785] [global_2026-03-11^22:11:13.780_59997] [info] Pass BufferOverflow: 0 ms
[2026-03-11 22:11:13.785] [global_2026-03-11^22:11:13.780_59997] [info] Pass DoubleFree: 0 ms
[2026-03-11 22:11:13.785] [global_2026-03-11^22:11:13.780_59997] [info] Pass IntegerOverflow: 0 ms
[2026-03-11 22:11:13.785] [global_2026-03-11^22:11:13.780_59997] [info] Pass NullPointerDeref: 0 ms
[2026-03-11 22:11:13.785] [global_2026-03-11^22:11:13.780_59997] [info] Pass UseAfterFree: 0 ms
[2026-03-11 22:11:13.785] [global_2026-03-11^22:11:13.780_59997] [info] Bug report written to: /home/dragon/桌面/IMMI-project-main/diagnose/2026-03-11^22:11:13/_checker_logs/2026-03-11^22:11:13.780/Bug_Report.txt

[RESULT] done: showcase/npd_path_bug.c, report=Bug_Report_showcase__npd_path_bug.txt

================================================================================
[FILE] showcase/npd_path_safe.c
[CLANG]

[CHECKER STDOUT/STDERR]
Openmp enabled

[CHECKER GLOBAL LOG]
[2026-03-11 22:11:13.827] [global_2026-03-11^22:11:13.823_60016] [info] Total 1 files and 1 are loaded
[2026-03-11 22:11:13.827] [global_2026-03-11^22:11:13.823_60016] [info] Academic checker finished. Total bugs: 0
[2026-03-11 22:11:13.827] [global_2026-03-11^22:11:13.823_60016] [info] Pass BufferOverflow: 0 ms
[2026-03-11 22:11:13.827] [global_2026-03-11^22:11:13.823_60016] [info] Pass DoubleFree: 0 ms
[2026-03-11 22:11:13.827] [global_2026-03-11^22:11:13.823_60016] [info] Pass IntegerOverflow: 0 ms
[2026-03-11 22:11:13.827] [global_2026-03-11^22:11:13.823_60016] [info] Pass NullPointerDeref: 0 ms
[2026-03-11 22:11:13.827] [global_2026-03-11^22:11:13.823_60016] [info] Pass UseAfterFree: 0 ms
[2026-03-11 22:11:13.827] [global_2026-03-11^22:11:13.823_60016] [info] Bug report written to: /home/dragon/桌面/IMMI-project-main/diagnose/2026-03-11^22:11:13/_checker_logs/2026-03-11^22:11:13.822/Bug_Report.txt

[RESULT] done: showcase/npd_path_safe.c, report=Bug_Report_showcase__npd_path_safe.txt

================================================================================
[FILE] showcase_cross_bug_entry.c
[CLANG]

[CHECKER STDOUT/STDERR]
Openmp enabled

[CHECKER GLOBAL LOG]
[2026-03-11 22:11:13.870] [global_2026-03-11^22:11:13.863_60035] [info] Total 1 files and 1 are loaded
[2026-03-11 22:11:13.871] [global_2026-03-11^22:11:13.863_60035] [info] Academic checker finished. Total bugs: 7
[2026-03-11 22:11:13.871] [global_2026-03-11^22:11:13.863_60035] [info] Pass BufferOverflow: 0 ms
[2026-03-11 22:11:13.871] [global_2026-03-11^22:11:13.863_60035] [info] Pass DoubleFree: 0 ms
[2026-03-11 22:11:13.871] [global_2026-03-11^22:11:13.863_60035] [info] Pass IntegerOverflow: 0 ms
[2026-03-11 22:11:13.871] [global_2026-03-11^22:11:13.863_60035] [info] Pass NullPointerDeref: 0 ms
[2026-03-11 22:11:13.871] [global_2026-03-11^22:11:13.863_60035] [info] Pass UseAfterFree: 0 ms
[2026-03-11 22:11:13.871] [global_2026-03-11^22:11:13.863_60035] [info] Bug report written to: /home/dragon/桌面/IMMI-project-main/diagnose/2026-03-11^22:11:13/_checker_logs/2026-03-11^22:11:13.863/Bug_Report.txt

[RESULT] done: showcase_cross_bug_entry.c, report=Bug_Report_showcase_cross_bug_entry.txt

================================================================================
[FILE] showcase_cross_safe_entry.c
[CLANG]

[CHECKER STDOUT/STDERR]
Openmp enabled

[CHECKER GLOBAL LOG]
[2026-03-11 22:11:13.913] [global_2026-03-11^22:11:13.907_60054] [info] Total 1 files and 1 are loaded
[2026-03-11 22:11:13.914] [global_2026-03-11^22:11:13.907_60054] [info] Academic checker finished. Total bugs: 1
[2026-03-11 22:11:13.914] [global_2026-03-11^22:11:13.907_60054] [info] Pass BufferOverflow: 0 ms
[2026-03-11 22:11:13.914] [global_2026-03-11^22:11:13.907_60054] [info] Pass DoubleFree: 0 ms
[2026-03-11 22:11:13.914] [global_2026-03-11^22:11:13.907_60054] [info] Pass IntegerOverflow: 0 ms
[2026-03-11 22:11:13.914] [global_2026-03-11^22:11:13.907_60054] [info] Pass NullPointerDeref: 0 ms
[2026-03-11 22:11:13.914] [global_2026-03-11^22:11:13.907_60054] [info] Pass UseAfterFree: 0 ms
[2026-03-11 22:11:13.914] [global_2026-03-11^22:11:13.907_60054] [info] Bug report written to: /home/dragon/桌面/IMMI-project-main/diagnose/2026-03-11^22:11:13/_checker_logs/2026-03-11^22:11:13.907/Bug_Report.txt

[RESULT] done: showcase_cross_safe_entry.c, report=Bug_Report_showcase_cross_safe_entry.txt

================================================================================
[FILE] test_simplechecker.c
[CLANG]
/home/dragon/桌面/IMMI-project-main/inputfile/test_simplechecker.c:7:5: warning: indirection of non-volatile null pointer will be deleted, not trap [-Wnull-dereference]
    *(int *)0 = 1;
    ^~~~~~~~~
/home/dragon/桌面/IMMI-project-main/inputfile/test_simplechecker.c:7:5: note: consider using __builtin_trap() or qualifying pointer with 'volatile'
/home/dragon/桌面/IMMI-project-main/inputfile/test_simplechecker.c:61:5: warning: 'memcpy' will always overflow; destination buffer has size 8, but size argument is 16 [-Wfortify-source]
    memcpy(dst, src, 16);
    ^
2 warnings generated.

[CHECKER STDOUT/STDERR]
Openmp enabled

[CHECKER GLOBAL LOG]
[2026-03-11 22:11:13.962] [global_2026-03-11^22:11:13.949_60073] [info] Total 1 files and 1 are loaded
[2026-03-11 22:11:13.963] [global_2026-03-11^22:11:13.949_60073] [info] Academic checker finished. Total bugs: 9
[2026-03-11 22:11:13.963] [global_2026-03-11^22:11:13.949_60073] [info] Pass BufferOverflow: 0 ms
[2026-03-11 22:11:13.963] [global_2026-03-11^22:11:13.949_60073] [info] Pass DoubleFree: 0 ms
[2026-03-11 22:11:13.963] [global_2026-03-11^22:11:13.949_60073] [info] Pass IntegerOverflow: 0 ms
[2026-03-11 22:11:13.963] [global_2026-03-11^22:11:13.949_60073] [info] Pass NullPointerDeref: 0 ms
[2026-03-11 22:11:13.963] [global_2026-03-11^22:11:13.949_60073] [info] Pass UseAfterFree: 0 ms
[2026-03-11 22:11:13.963] [global_2026-03-11^22:11:13.949_60073] [info] Bug report written to: /home/dragon/桌面/IMMI-project-main/diagnose/2026-03-11^22:11:13/_checker_logs/2026-03-11^22:11:13.949/Bug_Report.txt

[RESULT] done: test_simplechecker.c, report=Bug_Report_test_simplechecker.txt
